<?xml version="1.0" encoding="UTF-8"?>
<!-- Generated by org.testng.reporters.JUnitReportReporter -->
<testsuite hostname="LAPTOP-9D9RC2AB" failures="0" tests="10" name="package1.Innovocationcount" time="0.023" errors="0" timestamp="2024-05-21T07:00:43 IST" skipped="0">
  <testcase classname="package1.Innovocationcount" name="add" time="0.001"/>
  <testcase classname="package1.Innovocationcount" name="add" time="0.002"/>
  <testcase classname="package1.Innovocationcount" name="add" time="0.008"/>
  <testcase classname="package1.Innovocationcount" name="add" time="0.001"/>
  <testcase classname="package1.Innovocationcount" name="add" time="0.002"/>
  <testcase classname="package1.Innovocationcount" name="add" time="0.002"/>
  <testcase classname="package1.Innovocationcount" name="add" time="0.003"/>
  <testcase classname="package1.Innovocationcount" name="add" time="0.001"/>
  <testcase classname="package1.Innovocationcount" name="add" time="0.001"/>
  <testcase classname="package1.Innovocationcount" name="add" time="0.002"/>
</testsuite> <!-- package1.Innovocationcount -->
