<?xml version="1.0" encoding="UTF-8"?>
<!-- Generated by org.testng.reporters.JUnitReportReporter -->
<testsuite hostname="LAPTOP-9D9RC2AB" failures="0" tests="1" name="Retried.Retried1" time="5.125" errors="0" timestamp="2024-05-14T14:43:52 IST" skipped="0">
  <testcase classname="Retried.Retried1" name="retried" time="5.125"/>
</testsuite> <!-- Retried.Retried1 -->
