<?xml version="1.0" encoding="UTF-8"?>
<!-- Generated by org.testng.reporters.JUnitReportReporter -->
<testsuite hostname="LAPTOP-9D9RC2AB" failures="0" tests="2" name="package1.Testngannotation" time="0.003" errors="0" timestamp="2024-05-13T16:24:11 IST" skipped="0">
  <testcase classname="package1.Testngannotation" name="testcase1" time="0.001"/>
  <testcase classname="package1.Testngannotation" name="testcase2" time="0.002"/>
</testsuite> <!-- package1.Testngannotation -->
